<?xml version="1.0" encoding="UTF-8"?>
<!-- Generated by org.testng.reporters.JUnitXMLReporter -->
<testsuite ignored="1" hostname="DESKTOP-BKCA13N" failures="2" tests="2" name="Submit Order Test(failed)(failed)" time="0.084" errors="0" timestamp="2024-08-18T09:55:33 IST">
  <testcase classname="NikhilProjects.tests.SubmitOrderTest" name="submitOrder" time="0.011">
    <failure type="java.lang.NullPointerException" message="Cannot invoke &amp;quot;NikhilProjects.LandingPage.loginApplication(String, String)&amp;quot; because &amp;quot;this.landingpage&amp;quot; is null">
      <![CDATA[java.lang.NullPointerException: Cannot invoke "NikhilProjects.LandingPage.loginApplication(String, String)" because "this.landingpage" is null
at NikhilProjects.tests.SubmitOrderTest.submitOrder(SubmitOrderTest.java:24)
at java.base/java.util.ArrayList.forEach(ArrayList.java:1511)
at java.base/java.util.concurrent.FutureTask.run(FutureTask.java:264)
at java.base/java.util.concurrent.ThreadPoolExecutor.runWorker(ThreadPoolExecutor.java:1136)
at java.base/java.util.concurrent.ThreadPoolExecutor$Worker.run(ThreadPoolExecutor.java:635)
at java.base/java.lang.Thread.run(Thread.java:840)
... Removed 18 stack frames]]>
    </failure>
  </testcase> <!-- submitOrder -->
  <testcase classname="NikhilProjects.tests.SubmitOrderTest" name="submitOrder" time="0.002">
    <failure type="java.lang.NullPointerException" message="Cannot invoke &amp;quot;NikhilProjects.LandingPage.loginApplication(String, String)&amp;quot; because &amp;quot;this.landingpage&amp;quot; is null">
      <![CDATA[java.lang.NullPointerException: Cannot invoke "NikhilProjects.LandingPage.loginApplication(String, String)" because "this.landingpage" is null
at NikhilProjects.tests.SubmitOrderTest.submitOrder(SubmitOrderTest.java:24)
at java.base/java.util.ArrayList.forEach(ArrayList.java:1511)
at java.base/java.util.concurrent.FutureTask.run(FutureTask.java:264)
at java.base/java.util.concurrent.ThreadPoolExecutor.runWorker(ThreadPoolExecutor.java:1136)
at java.base/java.util.concurrent.ThreadPoolExecutor$Worker.run(ThreadPoolExecutor.java:635)
at java.base/java.lang.Thread.run(Thread.java:840)
... Removed 18 stack frames]]>
    </failure>
  </testcase> <!-- submitOrder -->
  <testcase classname="NikhilProjects.tests.SubmitOrderTest" name="OrderHistoryTest" time="0.0">
    <ignored/>
  </testcase> <!-- OrderHistoryTest -->
</testsuite> <!-- Submit Order Test(failed)(failed) -->
