<?xml version="1.0" encoding="UTF-8"?>
<!-- Generated by org.testng.reporters.JUnitXMLReporter -->
<testsuite ignored="0" hostname="DESKTOP-BKCA13N" failures="0" tests="3" name="Submit Order Test" time="27.111" errors="0" timestamp="2024-08-20T18:13:57 IST">
  <testcase classname="NikhilProjects.tests.SubmitOrderTest" name="submitOrder" time="10.739"/>
  <testcase classname="NikhilProjects.tests.SubmitOrderTest" name="submitOrder" time="9.114"/>
  <testcase classname="NikhilProjects.tests.SubmitOrderTest" name="OrderHistoryTest" time="0.615"/>
</testsuite> <!-- Submit Order Test -->
