<?xml version="1.0" encoding="UTF-8"?>
<!-- Generated by org.testng.reporters.JUnitXMLReporter -->
<testsuite ignored="1" hostname="DESKTOP-BKCA13N" failures="0" tests="2" name="Submit Order Test" time="26.115" errors="0" timestamp="2024-08-21T18:08:15 IST">
  <testcase classname="NikhilProjects.tests.SubmitOrderTest" name="submitOrder" time="9.076"/>
  <testcase classname="NikhilProjects.tests.SubmitOrderTest" name="submitOrder" time="9.527"/>
  <testcase classname="NikhilProjects.tests.SubmitOrderTest" name="OrderHistoryTest" time="0.0">
    <ignored/>
  </testcase> <!-- OrderHistoryTest -->
</testsuite> <!-- Submit Order Test -->
