<?xml version="1.0" encoding="UTF-8"?>
<testng-results ignored="0" total="2" passed="2" failed="0" skipped="0">
  <reporter-output>
  </reporter-output>
  <suite started-at="2024-08-21T18:07:49 IST" name="Suite" finished-at="2024-08-21T18:08:15 IST" duration-ms="26115">
    <groups>
      <group name="Purchase">
        <method signature="SubmitOrderTest.submitOrder(java.util.HashMap)[pri:0, instance:NikhilProjects.tests.SubmitOrderTest@3e58a80e]" name="submitOrder" class="NikhilProjects.tests.SubmitOrderTest"/>
      </group> <!-- Purchase -->
    </groups>
    <test started-at="2024-08-21T18:07:49 IST" name="Error Validation Test" finished-at="2024-08-21T18:07:49 IST" duration-ms="14">
    </test> <!-- Error Validation Test -->
    <test started-at="2024-08-21T18:07:49 IST" name="Submit Order Test" finished-at="2024-08-21T18:08:15 IST" duration-ms="26115">
      <class name="NikhilProjects.tests.SubmitOrderTest">
        <test-method is-config="true" signature="launchApp()[pri:0, instance:NikhilProjects.tests.SubmitOrderTest@3e58a80e]" started-at="2024-08-21T18:07:50 IST" name="launchApp" finished-at="2024-08-21T18:07:55 IST" duration-ms="5001" status="PASS">
          <reporter-output>
          </reporter-output>
        </test-method> <!-- launchApp -->
        <test-method signature="submitOrder(java.util.HashMap)[pri:0, instance:NikhilProjects.tests.SubmitOrderTest@3e58a80e]" started-at="2024-08-21T18:07:55 IST" name="submitOrder" data-provider="getData" finished-at="2024-08-21T18:08:04 IST" duration-ms="9076" status="PASS">
          <params>
            <param index="0">
              <value>
                <![CDATA[{pass=Password@123, product=ZARA COAT 3, email=abcdabcd@abc.com}]]>
              </value>
            </param>
          </params>
          <reporter-output>
          </reporter-output>
        </test-method> <!-- submitOrder -->
        <test-method is-config="true" signature="tearDown()[pri:0, instance:NikhilProjects.tests.SubmitOrderTest@3e58a80e]" started-at="2024-08-21T18:08:04 IST" name="tearDown" finished-at="2024-08-21T18:08:04 IST" duration-ms="107" status="PASS">
          <reporter-output>
          </reporter-output>
        </test-method> <!-- tearDown -->
        <test-method is-config="true" signature="launchApp()[pri:0, instance:NikhilProjects.tests.SubmitOrderTest@3e58a80e]" started-at="2024-08-21T18:08:04 IST" name="launchApp" finished-at="2024-08-21T18:08:06 IST" duration-ms="2035" status="PASS">
          <reporter-output>
          </reporter-output>
        </test-method> <!-- launchApp -->
        <test-method signature="submitOrder(java.util.HashMap)[pri:0, instance:NikhilProjects.tests.SubmitOrderTest@3e58a80e]" started-at="2024-08-21T18:08:06 IST" name="submitOrder" data-provider="getData" finished-at="2024-08-21T18:08:15 IST" duration-ms="9527" status="PASS">
          <params>
            <param index="0">
              <value>
                <![CDATA[{pass=Password@123, product=ADIDAS ORIGINAL, email=xyzxyz@xyz.com}]]>
              </value>
            </param>
          </params>
          <reporter-output>
          </reporter-output>
        </test-method> <!-- submitOrder -->
        <test-method is-config="true" signature="tearDown()[pri:0, instance:NikhilProjects.tests.SubmitOrderTest@3e58a80e]" started-at="2024-08-21T18:08:15 IST" name="tearDown" finished-at="2024-08-21T18:08:15 IST" duration-ms="81" status="PASS">
          <reporter-output>
          </reporter-output>
        </test-method> <!-- tearDown -->
      </class> <!-- NikhilProjects.tests.SubmitOrderTest -->
    </test> <!-- Submit Order Test -->
  </suite> <!-- Suite -->
</testng-results>
