<?xml version="1.0" encoding="UTF-8"?>
<testng-results ignored="0" total="1" passed="1" failed="0" skipped="0">
  <reporter-output>
  </reporter-output>
  <suite started-at="2024-08-23T22:46:16 IST" name="Default suite" finished-at="2024-08-23T22:46:26 IST" duration-ms="10221">
    <groups>
      <group name="cucumber">
        <method signature="AbstractTestNGCucumberTests.runScenario(io.cucumber.testng.PickleWrapper,io.cucumber.testng.FeatureWrapper)[pri:0, instance:Cucumber.TestRunner@3c19aaa5]" name="runScenario" class="io.cucumber.testng.AbstractTestNGCucumberTests"/>
      </group> <!-- cucumber -->
    </groups>
    <test started-at="2024-08-23T22:46:16 IST" name="Default test" finished-at="2024-08-23T22:46:26 IST" duration-ms="10221">
      <class name="Cucumber.TestRunner">
        <test-method is-config="true" signature="setUpClass(org.testng.ITestContext)[pri:0, instance:Cucumber.TestRunner@3c19aaa5]" started-at="2024-08-23T22:46:16 IST" name="setUpClass" finished-at="2024-08-23T22:46:18 IST" duration-ms="1513" status="PASS">
          <params>
            <param index="0">
              <value>
                <![CDATA[org.testng.TestRunner@5f0f9947]]>
              </value>
            </param>
          </params>
          <reporter-output>
          </reporter-output>
        </test-method> <!-- setUpClass -->
        <test-method signature="runScenario(io.cucumber.testng.PickleWrapper,io.cucumber.testng.FeatureWrapper)[pri:0, instance:Cucumber.TestRunner@3c19aaa5]" started-at="2024-08-23T22:46:18 IST" name="runScenario" description="Runs Cucumber Scenarios" data-provider="scenarios" finished-at="2024-08-23T22:46:26 IST" duration-ms="8544" status="PASS">
          <params>
            <param index="0">
              <value>
                <![CDATA["Purchasing product in the E-commerce"]]>
              </value>
            </param>
            <param index="1">
              <value>
                <![CDATA["Error Valdation"]]>
              </value>
            </param>
          </params>
          <reporter-output>
          </reporter-output>
        </test-method> <!-- runScenario -->
        <test-method is-config="true" signature="tearDownClass()[pri:0, instance:Cucumber.TestRunner@3c19aaa5]" started-at="2024-08-23T22:46:26 IST" name="tearDownClass" finished-at="2024-08-23T22:46:26 IST" duration-ms="75" status="PASS">
          <reporter-output>
          </reporter-output>
        </test-method> <!-- tearDownClass -->
      </class> <!-- Cucumber.TestRunner -->
    </test> <!-- Default test -->
  </suite> <!-- Default suite -->
</testng-results>
